<?xml version="1.0" encoding="UTF-8"?>
<!-- Generated by org.testng.reporters.JUnitReportReporter -->
<testsuite hostname="Mubeena" name="seleniumPracticeTest.FileUploadTest" tests="1" failures="0" timestamp="27 Mar 2019 10:00:49 GMT" time="10.945" errors="0">
  <testcase name="fileupload" time="10.945" classname="seleniumPracticeTest.FileUploadTest"/>
</testsuite> <!-- seleniumPracticeTest.FileUploadTest -->
