<?xml version="1.0" encoding="UTF-8"?>
<!-- Generated by org.testng.reporters.JUnitReportReporter -->
<testsuite hostname="Mubeena" name="bookAFlight.Sample" tests="1" failures="0" timestamp="1 Apr 2019 15:44:01 GMT" time="12.549" errors="0">
  <testcase name="search" time="12.549" classname="bookAFlight.Sample"/>
</testsuite> <!-- bookAFlight.Sample -->
